<?xml version="1.0" encoding="UTF-8"?>
<!-- Generated by org.testng.reporters.JUnitReportReporter -->
<testsuite skipped="0" hostname="DESKTOP-541KTCM" name="com.testNG.practice.TextNG_Practice" tests="3" failures="0" timestamp="2020-08-16T12:00:16 IST" time="5.381" errors="0">
  <testcase name="signup" time="4.848" classname="com.testNG.practice.TextNG_Practice"/>
  <system-out/>
  <testcase name="pageTitle" time="0.015" classname="com.testNG.practice.TextNG_Practice"/>
  <system-out/>
  <testcase name="LoginPage" time="0.518" classname="com.testNG.practice.TextNG_Practice"/>
  <system-out/>
</testsuite> <!-- com.testNG.practice.TextNG_Practice -->
