<?xml version="1.0" encoding="UTF-8"?>
<!-- Generated by org.testng.reporters.JUnitReportReporter -->
<testsuite skipped="0" hostname="DESKTOP-541KTCM" name="com.testNG.practice.testngpractices" tests="2" failures="0" timestamp="2020-08-16T19:28:32 IST" time="19.862" errors="0">
  <testcase name="getTitle" time="7.750" classname="com.testNG.practice.testngpractices"/>
  <system-out/>
  <testcase name="logIn" time="12.112" classname="com.testNG.practice.testngpractices"/>
  <system-out/>
</testsuite> <!-- com.testNG.practice.testngpractices -->
